<?xml version="1.0" encoding="UTF-8"?>
<testsuite xmlns:xsi="http://www.w3.org/2001/XMLSchema-instance" xsi:noNamespaceSchemaLocation="https://maven.apache.org/surefire/maven-surefire-plugin/xsd/surefire-test-report-3.0.xsd" version="3.0" name="WWSIS.Microblog.dao.TestFollowerDaoImpl" time="0.082" tests="1" errors="0" skipped="0" failures="1">
  <properties>
    <property name="java.specification.version" value="17"/>
    <property name="sun.jnu.encoding" value="UTF-8"/>
    <property name="java.class.path" value="/Users/yashbarnawal/IdeaProjects/Ruddyrecteam/teamproject/target/test-classes:/Users/yashbarnawal/IdeaProjects/Ruddyrecteam/teamproject/target/classes:/Users/yashbarnawal/.m2/repository/org/junit/jupiter/junit-jupiter-engine/5.7.1/junit-jupiter-engine-5.7.1.jar:/Users/yashbarnawal/.m2/repository/org/apiguardian/apiguardian-api/1.1.0/apiguardian-api-1.1.0.jar:/Users/yashbarnawal/.m2/repository/org/junit/platform/junit-platform-engine/1.7.1/junit-platform-engine-1.7.1.jar:/Users/yashbarnawal/.m2/repository/org/opentest4j/opentest4j/1.2.0/opentest4j-1.2.0.jar:/Users/yashbarnawal/.m2/repository/org/junit/platform/junit-platform-commons/1.7.1/junit-platform-commons-1.7.1.jar:/Users/yashbarnawal/.m2/repository/org/junit/jupiter/junit-jupiter-api/5.7.1/junit-jupiter-api-5.7.1.jar:/Users/yashbarnawal/.m2/repository/org/junit/jupiter/junit-jupiter-params/5.7.1/junit-jupiter-params-5.7.1.jar:/Users/yashbarnawal/.m2/repository/com/sparkjava/spark-core/2.7.2/spark-core-2.7.2.jar:/Users/yashbarnawal/.m2/repository/org/slf4j/slf4j-api/1.7.13/slf4j-api-1.7.13.jar:/Users/yashbarnawal/.m2/repository/org/eclipse/jetty/jetty-server/9.4.8.v20171121/jetty-server-9.4.8.v20171121.jar:/Users/yashbarnawal/.m2/repository/javax/servlet/javax.servlet-api/3.1.0/javax.servlet-api-3.1.0.jar:/Users/yashbarnawal/.m2/repository/org/eclipse/jetty/jetty-http/9.4.8.v20171121/jetty-http-9.4.8.v20171121.jar:/Users/yashbarnawal/.m2/repository/org/eclipse/jetty/jetty-util/9.4.8.v20171121/jetty-util-9.4.8.v20171121.jar:/Users/yashbarnawal/.m2/repository/org/eclipse/jetty/jetty-io/9.4.8.v20171121/jetty-io-9.4.8.v20171121.jar:/Users/yashbarnawal/.m2/repository/org/eclipse/jetty/jetty-webapp/9.4.8.v20171121/jetty-webapp-9.4.8.v20171121.jar:/Users/yashbarnawal/.m2/repository/org/eclipse/jetty/jetty-xml/9.4.8.v20171121/jetty-xml-9.4.8.v20171121.jar:/Users/yashbarnawal/.m2/repository/org/eclipse/jetty/jetty-servlet/9.4.8.v20171121/jetty-servlet-9.4.8.v20171121.jar:/Users/yashbarnawal/.m2/repository/org/eclipse/jetty/jetty-security/9.4.8.v20171121/jetty-security-9.4.8.v20171121.jar:/Users/yashbarnawal/.m2/repository/org/eclipse/jetty/websocket/websocket-server/9.4.8.v20171121/websocket-server-9.4.8.v20171121.jar:/Users/yashbarnawal/.m2/repository/org/eclipse/jetty/websocket/websocket-common/9.4.8.v20171121/websocket-common-9.4.8.v20171121.jar:/Users/yashbarnawal/.m2/repository/org/eclipse/jetty/websocket/websocket-client/9.4.8.v20171121/websocket-client-9.4.8.v20171121.jar:/Users/yashbarnawal/.m2/repository/org/eclipse/jetty/jetty-client/9.4.8.v20171121/jetty-client-9.4.8.v20171121.jar:/Users/yashbarnawal/.m2/repository/org/eclipse/jetty/websocket/websocket-servlet/9.4.8.v20171121/websocket-servlet-9.4.8.v20171121.jar:/Users/yashbarnawal/.m2/repository/org/eclipse/jetty/websocket/websocket-api/9.4.8.v20171121/websocket-api-9.4.8.v20171121.jar:/Users/yashbarnawal/.m2/repository/com/sparkjava/spark-template-freemarker/2.7.1/spark-template-freemarker-2.7.1.jar:/Users/yashbarnawal/.m2/repository/org/freemarker/freemarker/2.3.28/freemarker-2.3.28.jar:/Users/yashbarnawal/.m2/repository/org/springframework/spring-core/4.3.8.RELEASE/spring-core-4.3.8.RELEASE.jar:/Users/yashbarnawal/.m2/repository/commons-logging/commons-logging/1.2/commons-logging-1.2.jar:/Users/yashbarnawal/.m2/repository/org/hsqldb/hsqldb/2.4.1/hsqldb-2.4.1.jar:/Users/yashbarnawal/.m2/repository/org/apache/commons/commons-dbcp2/2.1.1/commons-dbcp2-2.1.1.jar:/Users/yashbarnawal/.m2/repository/org/apache/commons/commons-pool2/2.4.2/commons-pool2-2.4.2.jar:/Users/yashbarnawal/.m2/repository/org/mindrot/jbcrypt/0.4/jbcrypt-0.4.jar:/Users/yashbarnawal/.m2/repository/commons-beanutils/commons-beanutils/1.9.2/commons-beanutils-1.9.2.jar:/Users/yashbarnawal/.m2/repository/commons-collections/commons-collections/3.2.1/commons-collections-3.2.1.jar:/Users/yashbarnawal/.m2/repository/org/hibernate/hibernate-core/5.2.10.Final/hibernate-core-5.2.10.Final.jar:/Users/yashbarnawal/.m2/repository/org/jboss/logging/jboss-logging/3.3.0.Final/jboss-logging-3.3.0.Final.jar:/Users/yashbarnawal/.m2/repository/org/hibernate/javax/persistence/hibernate-jpa-2.1-api/1.0.0.Final/hibernate-jpa-2.1-api-1.0.0.Final.jar:/Users/yashbarnawal/.m2/repository/org/javassist/javassist/3.20.0-GA/javassist-3.20.0-GA.jar:/Users/yashbarnawal/.m2/repository/antlr/antlr/2.7.7/antlr-2.7.7.jar:/Users/yashbarnawal/.m2/repository/org/jboss/spec/javax/transaction/jboss-transaction-api_1.2_spec/1.0.1.Final/jboss-transaction-api_1.2_spec-1.0.1.Final.jar:/Users/yashbarnawal/.m2/repository/org/jboss/jandex/2.0.3.Final/jandex-2.0.3.Final.jar:/Users/yashbarnawal/.m2/repository/com/fasterxml/classmate/1.3.0/classmate-1.3.0.jar:/Users/yashbarnawal/.m2/repository/dom4j/dom4j/1.6.1/dom4j-1.6.1.jar:/Users/yashbarnawal/.m2/repository/org/hibernate/common/hibernate-commons-annotations/5.0.1.Final/hibernate-commons-annotations-5.0.1.Final.jar:/Users/yashbarnawal/.m2/repository/org/hibernate/hibernate-entitymanager/5.2.10.Final/hibernate-entitymanager-5.2.10.Final.jar:/Users/yashbarnawal/.m2/repository/net/bytebuddy/byte-buddy/1.6.6/byte-buddy-1.6.6.jar:/Users/yashbarnawal/.m2/repository/org/springframework/spring-orm/4.3.8.RELEASE/spring-orm-4.3.8.RELEASE.jar:/Users/yashbarnawal/.m2/repository/org/springframework/spring-beans/4.3.8.RELEASE/spring-beans-4.3.8.RELEASE.jar:/Users/yashbarnawal/.m2/repository/org/springframework/spring-jdbc/4.3.8.RELEASE/spring-jdbc-4.3.8.RELEASE.jar:/Users/yashbarnawal/.m2/repository/org/springframework/spring-tx/4.3.8.RELEASE/spring-tx-4.3.8.RELEASE.jar:/Users/yashbarnawal/.m2/repository/org/springframework/spring-webmvc/4.3.8.RELEASE/spring-webmvc-4.3.8.RELEASE.jar:/Users/yashbarnawal/.m2/repository/org/springframework/spring-aop/4.3.8.RELEASE/spring-aop-4.3.8.RELEASE.jar:/Users/yashbarnawal/.m2/repository/org/springframework/spring-context/4.3.8.RELEASE/spring-context-4.3.8.RELEASE.jar:/Users/yashbarnawal/.m2/repository/org/springframework/spring-expression/4.3.8.RELEASE/spring-expression-4.3.8.RELEASE.jar:/Users/yashbarnawal/.m2/repository/org/springframework/spring-web/4.3.8.RELEASE/spring-web-4.3.8.RELEASE.jar:/Users/yashbarnawal/.m2/repository/junit/junit/4.12/junit-4.12.jar:/Users/yashbarnawal/.m2/repository/org/hamcrest/hamcrest-core/1.3/hamcrest-core-1.3.jar:/Users/yashbarnawal/.m2/repository/org/springframework/boot/spring-boot-starter-test/2.7.8/spring-boot-starter-test-2.7.8.jar:/Users/yashbarnawal/.m2/repository/org/springframework/boot/spring-boot-starter/2.7.8/spring-boot-starter-2.7.8.jar:/Users/yashbarnawal/.m2/repository/org/springframework/boot/spring-boot/2.7.8/spring-boot-2.7.8.jar:/Users/yashbarnawal/.m2/repository/org/springframework/boot/spring-boot-autoconfigure/2.7.8/spring-boot-autoconfigure-2.7.8.jar:/Users/yashbarnawal/.m2/repository/org/springframework/boot/spring-boot-starter-logging/2.7.8/spring-boot-starter-logging-2.7.8.jar:/Users/yashbarnawal/.m2/repository/ch/qos/logback/logback-classic/1.2.11/logback-classic-1.2.11.jar:/Users/yashbarnawal/.m2/repository/ch/qos/logback/logback-core/1.2.11/logback-core-1.2.11.jar:/Users/yashbarnawal/.m2/repository/org/apache/logging/log4j/log4j-to-slf4j/2.17.2/log4j-to-slf4j-2.17.2.jar:/Users/yashbarnawal/.m2/repository/org/apache/logging/log4j/log4j-api/2.17.2/log4j-api-2.17.2.jar:/Users/yashbarnawal/.m2/repository/org/slf4j/jul-to-slf4j/1.7.36/jul-to-slf4j-1.7.36.jar:/Users/yashbarnawal/.m2/repository/jakarta/annotation/jakarta.annotation-api/1.3.5/jakarta.annotation-api-1.3.5.jar:/Users/yashbarnawal/.m2/repository/org/yaml/snakeyaml/1.30/snakeyaml-1.30.jar:/Users/yashbarnawal/.m2/repository/org/springframework/boot/spring-boot-test/2.7.8/spring-boot-test-2.7.8.jar:/Users/yashbarnawal/.m2/repository/org/springframework/boot/spring-boot-test-autoconfigure/2.7.8/spring-boot-test-autoconfigure-2.7.8.jar:/Users/yashbarnawal/.m2/repository/com/jayway/jsonpath/json-path/2.7.0/json-path-2.7.0.jar:/Users/yashbarnawal/.m2/repository/net/minidev/json-smart/2.4.7/json-smart-2.4.7.jar:/Users/yashbarnawal/.m2/repository/net/minidev/accessors-smart/2.4.7/accessors-smart-2.4.7.jar:/Users/yashbarnawal/.m2/repository/org/ow2/asm/asm/9.1/asm-9.1.jar:/Users/yashbarnawal/.m2/repository/jakarta/xml/bind/jakarta.xml.bind-api/2.3.3/jakarta.xml.bind-api-2.3.3.jar:/Users/yashbarnawal/.m2/repository/jakarta/activation/jakarta.activation-api/1.2.2/jakarta.activation-api-1.2.2.jar:/Users/yashbarnawal/.m2/repository/org/assertj/assertj-core/3.22.0/assertj-core-3.22.0.jar:/Users/yashbarnawal/.m2/repository/org/hamcrest/hamcrest/2.2/hamcrest-2.2.jar:/Users/yashbarnawal/.m2/repository/org/junit/jupiter/junit-jupiter/5.8.2/junit-jupiter-5.8.2.jar:/Users/yashbarnawal/.m2/repository/org/mockito/mockito-core/4.5.1/mockito-core-4.5.1.jar:/Users/yashbarnawal/.m2/repository/net/bytebuddy/byte-buddy-agent/1.12.9/byte-buddy-agent-1.12.9.jar:/Users/yashbarnawal/.m2/repository/org/objenesis/objenesis/3.2/objenesis-3.2.jar:/Users/yashbarnawal/.m2/repository/org/mockito/mockito-junit-jupiter/4.5.1/mockito-junit-jupiter-4.5.1.jar:/Users/yashbarnawal/.m2/repository/org/skyscreamer/jsonassert/1.5.1/jsonassert-1.5.1.jar:/Users/yashbarnawal/.m2/repository/com/vaadin/external/google/android-json/0.0.20131108.vaadin1/android-json-0.0.20131108.vaadin1.jar:/Users/yashbarnawal/.m2/repository/org/springframework/spring-test/5.3.25/spring-test-5.3.25.jar:/Users/yashbarnawal/.m2/repository/org/xmlunit/xmlunit-core/2.9.1/xmlunit-core-2.9.1.jar:"/>
    <property name="java.vm.vendor" value="Oracle Corporation"/>
    <property name="sun.arch.data.model" value="64"/>
    <property name="java.vendor.url" value="https://java.oracle.com/"/>
    <property name="os.name" value="Mac OS X"/>
    <property name="java.vm.specification.version" value="17"/>
    <property name="sun.java.launcher" value="SUN_STANDARD"/>
    <property name="user.country" value="IN"/>
    <property name="sun.boot.library.path" value="/Library/Java/JavaVirtualMachines/jdk-17.0.2.jdk/Contents/Home/lib"/>
    <property name="sun.java.command" value="/Users/yashbarnawal/IdeaProjects/Ruddyrecteam/teamproject/target/surefire/surefirebooter6535594090773304747.jar /Users/yashbarnawal/IdeaProjects/Ruddyrecteam/teamproject/target/surefire 2023-01-31T22-45-28_161-jvmRun1 surefire1004440857600939616tmp surefire_014498547243175063903tmp"/>
    <property name="http.nonProxyHosts" value="local|*.local|169.254/16|*.169.254/16"/>
    <property name="jdk.debug" value="release"/>
    <property name="surefire.test.class.path" value="/Users/yashbarnawal/IdeaProjects/Ruddyrecteam/teamproject/target/test-classes:/Users/yashbarnawal/IdeaProjects/Ruddyrecteam/teamproject/target/classes:/Users/yashbarnawal/.m2/repository/org/junit/jupiter/junit-jupiter-engine/5.7.1/junit-jupiter-engine-5.7.1.jar:/Users/yashbarnawal/.m2/repository/org/apiguardian/apiguardian-api/1.1.0/apiguardian-api-1.1.0.jar:/Users/yashbarnawal/.m2/repository/org/junit/platform/junit-platform-engine/1.7.1/junit-platform-engine-1.7.1.jar:/Users/yashbarnawal/.m2/repository/org/opentest4j/opentest4j/1.2.0/opentest4j-1.2.0.jar:/Users/yashbarnawal/.m2/repository/org/junit/platform/junit-platform-commons/1.7.1/junit-platform-commons-1.7.1.jar:/Users/yashbarnawal/.m2/repository/org/junit/jupiter/junit-jupiter-api/5.7.1/junit-jupiter-api-5.7.1.jar:/Users/yashbarnawal/.m2/repository/org/junit/jupiter/junit-jupiter-params/5.7.1/junit-jupiter-params-5.7.1.jar:/Users/yashbarnawal/.m2/repository/com/sparkjava/spark-core/2.7.2/spark-core-2.7.2.jar:/Users/yashbarnawal/.m2/repository/org/slf4j/slf4j-api/1.7.13/slf4j-api-1.7.13.jar:/Users/yashbarnawal/.m2/repository/org/eclipse/jetty/jetty-server/9.4.8.v20171121/jetty-server-9.4.8.v20171121.jar:/Users/yashbarnawal/.m2/repository/javax/servlet/javax.servlet-api/3.1.0/javax.servlet-api-3.1.0.jar:/Users/yashbarnawal/.m2/repository/org/eclipse/jetty/jetty-http/9.4.8.v20171121/jetty-http-9.4.8.v20171121.jar:/Users/yashbarnawal/.m2/repository/org/eclipse/jetty/jetty-util/9.4.8.v20171121/jetty-util-9.4.8.v20171121.jar:/Users/yashbarnawal/.m2/repository/org/eclipse/jetty/jetty-io/9.4.8.v20171121/jetty-io-9.4.8.v20171121.jar:/Users/yashbarnawal/.m2/repository/org/eclipse/jetty/jetty-webapp/9.4.8.v20171121/jetty-webapp-9.4.8.v20171121.jar:/Users/yashbarnawal/.m2/repository/org/eclipse/jetty/jetty-xml/9.4.8.v20171121/jetty-xml-9.4.8.v20171121.jar:/Users/yashbarnawal/.m2/repository/org/eclipse/jetty/jetty-servlet/9.4.8.v20171121/jetty-servlet-9.4.8.v20171121.jar:/Users/yashbarnawal/.m2/repository/org/eclipse/jetty/jetty-security/9.4.8.v20171121/jetty-security-9.4.8.v20171121.jar:/Users/yashbarnawal/.m2/repository/org/eclipse/jetty/websocket/websocket-server/9.4.8.v20171121/websocket-server-9.4.8.v20171121.jar:/Users/yashbarnawal/.m2/repository/org/eclipse/jetty/websocket/websocket-common/9.4.8.v20171121/websocket-common-9.4.8.v20171121.jar:/Users/yashbarnawal/.m2/repository/org/eclipse/jetty/websocket/websocket-client/9.4.8.v20171121/websocket-client-9.4.8.v20171121.jar:/Users/yashbarnawal/.m2/repository/org/eclipse/jetty/jetty-client/9.4.8.v20171121/jetty-client-9.4.8.v20171121.jar:/Users/yashbarnawal/.m2/repository/org/eclipse/jetty/websocket/websocket-servlet/9.4.8.v20171121/websocket-servlet-9.4.8.v20171121.jar:/Users/yashbarnawal/.m2/repository/org/eclipse/jetty/websocket/websocket-api/9.4.8.v20171121/websocket-api-9.4.8.v20171121.jar:/Users/yashbarnawal/.m2/repository/com/sparkjava/spark-template-freemarker/2.7.1/spark-template-freemarker-2.7.1.jar:/Users/yashbarnawal/.m2/repository/org/freemarker/freemarker/2.3.28/freemarker-2.3.28.jar:/Users/yashbarnawal/.m2/repository/org/springframework/spring-core/4.3.8.RELEASE/spring-core-4.3.8.RELEASE.jar:/Users/yashbarnawal/.m2/repository/commons-logging/commons-logging/1.2/commons-logging-1.2.jar:/Users/yashbarnawal/.m2/repository/org/hsqldb/hsqldb/2.4.1/hsqldb-2.4.1.jar:/Users/yashbarnawal/.m2/repository/org/apache/commons/commons-dbcp2/2.1.1/commons-dbcp2-2.1.1.jar:/Users/yashbarnawal/.m2/repository/org/apache/commons/commons-pool2/2.4.2/commons-pool2-2.4.2.jar:/Users/yashbarnawal/.m2/repository/org/mindrot/jbcrypt/0.4/jbcrypt-0.4.jar:/Users/yashbarnawal/.m2/repository/commons-beanutils/commons-beanutils/1.9.2/commons-beanutils-1.9.2.jar:/Users/yashbarnawal/.m2/repository/commons-collections/commons-collections/3.2.1/commons-collections-3.2.1.jar:/Users/yashbarnawal/.m2/repository/org/hibernate/hibernate-core/5.2.10.Final/hibernate-core-5.2.10.Final.jar:/Users/yashbarnawal/.m2/repository/org/jboss/logging/jboss-logging/3.3.0.Final/jboss-logging-3.3.0.Final.jar:/Users/yashbarnawal/.m2/repository/org/hibernate/javax/persistence/hibernate-jpa-2.1-api/1.0.0.Final/hibernate-jpa-2.1-api-1.0.0.Final.jar:/Users/yashbarnawal/.m2/repository/org/javassist/javassist/3.20.0-GA/javassist-3.20.0-GA.jar:/Users/yashbarnawal/.m2/repository/antlr/antlr/2.7.7/antlr-2.7.7.jar:/Users/yashbarnawal/.m2/repository/org/jboss/spec/javax/transaction/jboss-transaction-api_1.2_spec/1.0.1.Final/jboss-transaction-api_1.2_spec-1.0.1.Final.jar:/Users/yashbarnawal/.m2/repository/org/jboss/jandex/2.0.3.Final/jandex-2.0.3.Final.jar:/Users/yashbarnawal/.m2/repository/com/fasterxml/classmate/1.3.0/classmate-1.3.0.jar:/Users/yashbarnawal/.m2/repository/dom4j/dom4j/1.6.1/dom4j-1.6.1.jar:/Users/yashbarnawal/.m2/repository/org/hibernate/common/hibernate-commons-annotations/5.0.1.Final/hibernate-commons-annotations-5.0.1.Final.jar:/Users/yashbarnawal/.m2/repository/org/hibernate/hibernate-entitymanager/5.2.10.Final/hibernate-entitymanager-5.2.10.Final.jar:/Users/yashbarnawal/.m2/repository/net/bytebuddy/byte-buddy/1.6.6/byte-buddy-1.6.6.jar:/Users/yashbarnawal/.m2/repository/org/springframework/spring-orm/4.3.8.RELEASE/spring-orm-4.3.8.RELEASE.jar:/Users/yashbarnawal/.m2/repository/org/springframework/spring-beans/4.3.8.RELEASE/spring-beans-4.3.8.RELEASE.jar:/Users/yashbarnawal/.m2/repository/org/springframework/spring-jdbc/4.3.8.RELEASE/spring-jdbc-4.3.8.RELEASE.jar:/Users/yashbarnawal/.m2/repository/org/springframework/spring-tx/4.3.8.RELEASE/spring-tx-4.3.8.RELEASE.jar:/Users/yashbarnawal/.m2/repository/org/springframework/spring-webmvc/4.3.8.RELEASE/spring-webmvc-4.3.8.RELEASE.jar:/Users/yashbarnawal/.m2/repository/org/springframework/spring-aop/4.3.8.RELEASE/spring-aop-4.3.8.RELEASE.jar:/Users/yashbarnawal/.m2/repository/org/springframework/spring-context/4.3.8.RELEASE/spring-context-4.3.8.RELEASE.jar:/Users/yashbarnawal/.m2/repository/org/springframework/spring-expression/4.3.8.RELEASE/spring-expression-4.3.8.RELEASE.jar:/Users/yashbarnawal/.m2/repository/org/springframework/spring-web/4.3.8.RELEASE/spring-web-4.3.8.RELEASE.jar:/Users/yashbarnawal/.m2/repository/junit/junit/4.12/junit-4.12.jar:/Users/yashbarnawal/.m2/repository/org/hamcrest/hamcrest-core/1.3/hamcrest-core-1.3.jar:/Users/yashbarnawal/.m2/repository/org/springframework/boot/spring-boot-starter-test/2.7.8/spring-boot-starter-test-2.7.8.jar:/Users/yashbarnawal/.m2/repository/org/springframework/boot/spring-boot-starter/2.7.8/spring-boot-starter-2.7.8.jar:/Users/yashbarnawal/.m2/repository/org/springframework/boot/spring-boot/2.7.8/spring-boot-2.7.8.jar:/Users/yashbarnawal/.m2/repository/org/springframework/boot/spring-boot-autoconfigure/2.7.8/spring-boot-autoconfigure-2.7.8.jar:/Users/yashbarnawal/.m2/repository/org/springframework/boot/spring-boot-starter-logging/2.7.8/spring-boot-starter-logging-2.7.8.jar:/Users/yashbarnawal/.m2/repository/ch/qos/logback/logback-classic/1.2.11/logback-classic-1.2.11.jar:/Users/yashbarnawal/.m2/repository/ch/qos/logback/logback-core/1.2.11/logback-core-1.2.11.jar:/Users/yashbarnawal/.m2/repository/org/apache/logging/log4j/log4j-to-slf4j/2.17.2/log4j-to-slf4j-2.17.2.jar:/Users/yashbarnawal/.m2/repository/org/apache/logging/log4j/log4j-api/2.17.2/log4j-api-2.17.2.jar:/Users/yashbarnawal/.m2/repository/org/slf4j/jul-to-slf4j/1.7.36/jul-to-slf4j-1.7.36.jar:/Users/yashbarnawal/.m2/repository/jakarta/annotation/jakarta.annotation-api/1.3.5/jakarta.annotation-api-1.3.5.jar:/Users/yashbarnawal/.m2/repository/org/yaml/snakeyaml/1.30/snakeyaml-1.30.jar:/Users/yashbarnawal/.m2/repository/org/springframework/boot/spring-boot-test/2.7.8/spring-boot-test-2.7.8.jar:/Users/yashbarnawal/.m2/repository/org/springframework/boot/spring-boot-test-autoconfigure/2.7.8/spring-boot-test-autoconfigure-2.7.8.jar:/Users/yashbarnawal/.m2/repository/com/jayway/jsonpath/json-path/2.7.0/json-path-2.7.0.jar:/Users/yashbarnawal/.m2/repository/net/minidev/json-smart/2.4.7/json-smart-2.4.7.jar:/Users/yashbarnawal/.m2/repository/net/minidev/accessors-smart/2.4.7/accessors-smart-2.4.7.jar:/Users/yashbarnawal/.m2/repository/org/ow2/asm/asm/9.1/asm-9.1.jar:/Users/yashbarnawal/.m2/repository/jakarta/xml/bind/jakarta.xml.bind-api/2.3.3/jakarta.xml.bind-api-2.3.3.jar:/Users/yashbarnawal/.m2/repository/jakarta/activation/jakarta.activation-api/1.2.2/jakarta.activation-api-1.2.2.jar:/Users/yashbarnawal/.m2/repository/org/assertj/assertj-core/3.22.0/assertj-core-3.22.0.jar:/Users/yashbarnawal/.m2/repository/org/hamcrest/hamcrest/2.2/hamcrest-2.2.jar:/Users/yashbarnawal/.m2/repository/org/junit/jupiter/junit-jupiter/5.8.2/junit-jupiter-5.8.2.jar:/Users/yashbarnawal/.m2/repository/org/mockito/mockito-core/4.5.1/mockito-core-4.5.1.jar:/Users/yashbarnawal/.m2/repository/net/bytebuddy/byte-buddy-agent/1.12.9/byte-buddy-agent-1.12.9.jar:/Users/yashbarnawal/.m2/repository/org/objenesis/objenesis/3.2/objenesis-3.2.jar:/Users/yashbarnawal/.m2/repository/org/mockito/mockito-junit-jupiter/4.5.1/mockito-junit-jupiter-4.5.1.jar:/Users/yashbarnawal/.m2/repository/org/skyscreamer/jsonassert/1.5.1/jsonassert-1.5.1.jar:/Users/yashbarnawal/.m2/repository/com/vaadin/external/google/android-json/0.0.20131108.vaadin1/android-json-0.0.20131108.vaadin1.jar:/Users/yashbarnawal/.m2/repository/org/springframework/spring-test/5.3.25/spring-test-5.3.25.jar:/Users/yashbarnawal/.m2/repository/org/xmlunit/xmlunit-core/2.9.1/xmlunit-core-2.9.1.jar:"/>
    <property name="sun.cpu.endian" value="little"/>
    <property name="user.home" value="/Users/yashbarnawal"/>
    <property name="user.language" value="en"/>
    <property name="java.specification.vendor" value="Oracle Corporation"/>
    <property name="java.version.date" value="2022-01-18"/>
    <property name="java.home" value="/Library/Java/JavaVirtualMachines/jdk-17.0.2.jdk/Contents/Home"/>
    <property name="file.separator" value="/"/>
    <property name="basedir" value="/Users/yashbarnawal/IdeaProjects/Ruddyrecteam/teamproject"/>
    <property name="java.vm.compressedOopsMode" value="Zero based"/>
    <property name="line.separator" value="&#10;"/>
    <property name="java.specification.name" value="Java Platform API Specification"/>
    <property name="java.vm.specification.vendor" value="Oracle Corporation"/>
    <property name="surefire.real.class.path" value="/Users/yashbarnawal/IdeaProjects/Ruddyrecteam/teamproject/target/surefire/surefirebooter6535594090773304747.jar"/>
    <property name="sun.management.compiler" value="HotSpot 64-Bit Tiered Compilers"/>
    <property name="ftp.nonProxyHosts" value="local|*.local|169.254/16|*.169.254/16"/>
    <property name="java.runtime.version" value="17.0.2+8-LTS-86"/>
    <property name="user.name" value="yashbarnawal"/>
    <property name="path.separator" value=":"/>
    <property name="os.version" value="12.4"/>
    <property name="java.runtime.name" value="Java(TM) SE Runtime Environment"/>
    <property name="file.encoding" value="US-ASCII"/>
    <property name="java.vm.name" value="Java HotSpot(TM) 64-Bit Server VM"/>
    <property name="localRepository" value="/Users/yashbarnawal/.m2/repository"/>
    <property name="java.vendor.url.bug" value="https://bugreport.java.com/bugreport/"/>
    <property name="java.io.tmpdir" value="/var/folders/99/ks7dhpss2zn0vrb_cqf6j7xm0000gn/T/"/>
    <property name="idea.version" value="2022.1.4"/>
    <property name="java.version" value="17.0.2"/>
    <property name="user.dir" value="/Users/yashbarnawal/IdeaProjects/Ruddyrecteam/teamproject"/>
    <property name="os.arch" value="x86_64"/>
    <property name="java.vm.specification.name" value="Java Virtual Machine Specification"/>
    <property name="native.encoding" value="US-ASCII"/>
    <property name="java.library.path" value="/Users/yashbarnawal/Library/Java/Extensions:/Library/Java/Extensions:/Network/Library/Java/Extensions:/System/Library/Java/Extensions:/usr/lib/java:."/>
    <property name="java.vm.info" value="mixed mode, sharing"/>
    <property name="java.vendor" value="Oracle Corporation"/>
    <property name="java.vm.version" value="17.0.2+8-LTS-86"/>
    <property name="sun.io.unicode.encoding" value="UnicodeBig"/>
    <property name="socksNonProxyHosts" value="local|*.local|169.254/16|*.169.254/16"/>
    <property name="java.class.version" value="61.0"/>
  </properties>
  <testcase name="test" classname="WWSIS.Microblog.dao.TestFollowerDaoImpl" time="0.048">
    <failure type="org.opentest4j.AssertionFailedError"><![CDATA[org.opentest4j.AssertionFailedError: Not yet implemented
	at WWSIS.Microblog.dao.TestFollowerDaoImpl.test(TestFollowerDaoImpl.java:11)
]]></failure>
  </testcase>
</testsuite>